<?xml version="1.0" encoding="UTF-8"?>
<testng-results ignored="0" total="1" passed="1" failed="0" skipped="0">
  <reporter-output>
  </reporter-output>
  <suite started-at="2021-12-08T01:37:37 IST" name="Suite" finished-at="2021-12-08T01:38:04 IST" duration-ms="27093">
    <groups>
    </groups>
    <test started-at="2021-12-08T01:37:37 IST" name="Test" finished-at="2021-12-08T01:38:04 IST" duration-ms="27093">
      <class name="com.qa.testscripts.TC_FlipkartLink_001">
        <test-method is-config="true" signature="SetUp(java.lang.String,java.lang.String)[pri:0, instance:com.qa.testscripts.TC_FlipkartLink_001@6e4784bc]" started-at="2021-12-08T01:37:37 IST" name="SetUp" finished-at="2021-12-08T01:37:49 IST" duration-ms="11813" status="PASS">
          <params>
            <param index="0">
              <value>
                <![CDATA[Chrome]]>
              </value>
            </param>
            <param index="1">
              <value>
                <![CDATA[https://flipkart.com]]>
              </value>
            </param>
          </params>
          <reporter-output>
          </reporter-output>
        </test-method> <!-- SetUp -->
        <test-method signature="search()[pri:0, instance:com.qa.testscripts.TC_FlipkartLink_001@6e4784bc]" started-at="2021-12-08T01:37:49 IST" name="search" finished-at="2021-12-08T01:38:04 IST" duration-ms="15036" status="PASS">
          <reporter-output>
          </reporter-output>
        </test-method> <!-- search -->
        <test-method is-config="true" signature="tearDown()[pri:0, instance:com.qa.testscripts.TC_FlipkartLink_001@6e4784bc]" started-at="2021-12-08T01:38:04 IST" name="tearDown" finished-at="2021-12-08T01:38:04 IST" duration-ms="184" status="PASS">
          <reporter-output>
          </reporter-output>
        </test-method> <!-- tearDown -->
      </class> <!-- com.qa.testscripts.TC_FlipkartLink_001 -->
    </test> <!-- Test -->
  </suite> <!-- Suite -->
</testng-results>
